<?xml version="1.0" encoding="UTF-8"?>
<testng-results skipped="0" failed="0" ignored="0" total="1" passed="1">
  <reporter-output>
  </reporter-output>
  <suite name="Default suite" duration-ms="75" started-at="2019-02-19T06:17:45Z" finished-at="2019-02-19T06:17:45Z">
    <groups>
    </groups>
    <test name="Default test" duration-ms="75" started-at="2019-02-19T06:17:45Z" finished-at="2019-02-19T06:17:45Z">
      <class name="com.qa.tests.LoginTest">
        <test-method status="PASS" signature="test1()[pri:0, instance:com.qa.tests.LoginTest@d8355a8]" name="test1" duration-ms="29" started-at="2019-02-18T22:17:45Z" finished-at="2019-02-18T22:17:45Z">
          <reporter-output>
          </reporter-output>
        </test-method> <!-- test1 -->
      </class> <!-- com.qa.tests.LoginTest -->
    </test> <!-- Default test -->
  </suite> <!-- Default suite -->
</testng-results>
